2022-02-13 13:09:13,908 DEBUG    decorator.py Была вызвана функция arg_parser(), вызов произошёл из функции main()
2022-02-13 13:09:13,910 INFO     server.py Запущен сервер, порт для подключений: 7777, адрес с которого принимаются подключения: . Если адрес не указан, принимаются соединения с любых адресов.
2022-02-13 13:09:13,947 INFO     server.py Установлено соедение с ПК ('127.0.0.1', 48004)
2022-02-13 13:09:14,327 INFO     server.py Установлено соедение с ПК ('127.0.0.1', 48006)
2022-02-13 13:09:14,328 DEBUG    decorator.py Была вызвана функция get_message(), вызов произошёл из функции main_loop()
2022-02-13 13:09:14,328 DEBUG    server.py Разбор сообщения от клиента : {'action': 'presence', 'time': 1644746953.9473758, 'user': {'account_name': 'test1'}}
2022-02-13 13:09:14,329 DEBUG    decorator.py Была вызвана функция send_message(), вызов произошёл из функции process_client_message()
2022-02-13 13:09:14,351 INFO     server.py Установлено соедение с ПК ('127.0.0.1', 48008)
2022-02-13 13:09:14,352 DEBUG    decorator.py Была вызвана функция get_message(), вызов произошёл из функции main_loop()
2022-02-13 13:09:14,352 DEBUG    server.py Разбор сообщения от клиента : {'action': 'presence', 'time': 1644746954.327132, 'user': {'account_name': 'test3'}}
2022-02-13 13:09:14,353 DEBUG    decorator.py Была вызвана функция send_message(), вызов произошёл из функции process_client_message()
2022-02-13 13:09:14,857 DEBUG    decorator.py Была вызвана функция get_message(), вызов произошёл из функции main_loop()
2022-02-13 13:09:14,858 DEBUG    server.py Разбор сообщения от клиента : {'action': 'presence', 'time': 1644746954.351374, 'user': {'account_name': 'test2'}}
2022-02-13 13:09:14,861 DEBUG    decorator.py Была вызвана функция send_message(), вызов произошёл из функции process_client_message()
2022-02-13 13:09:19,868 INFO     server.py Клиент ('127.0.0.1', 48008) отключился от сервера.
2022-02-13 13:09:21,371 INFO     server.py Клиент ('127.0.0.1', 48006) отключился от сервера.
2022-02-13 13:09:21,872 INFO     server.py Клиент ('127.0.0.1', 48004) отключился от сервера.
2022-02-13 13:24:32,400 DEBUG    decorator.py Была вызвана функция arg_parser(), вызов произошёл из функции main()
2022-02-13 13:26:12,566 DEBUG    decorator.py Была вызвана функция arg_parser(), вызов произошёл из функции main()
2022-02-13 13:26:12,594 INFO     server.py Запущен сервер, порт для подключений: 7777, адрес с которого принимаются подключения: . Если адрес не указан, принимаются соединения с любых адресов.
2022-02-13 13:27:00,451 INFO     server.py Установлено соедение с ПК ('127.0.0.1', 48012)
2022-02-13 13:27:00,958 DEBUG    decorator.py Была вызвана функция get_message(), вызов произошёл из функции run()
2022-02-13 13:27:00,958 DEBUG    server.py Разбор сообщения от клиента : {'action': 'presence', 'time': 1644748020.451237, 'user': {'account_name': 'ozzzzz'}}
2022-02-13 13:27:01,007 DEBUG    decorator.py Была вызвана функция send_message(), вызов произошёл из функции process_client_message()
2022-02-13 13:27:28,204 INFO     server.py Установлено соедение с ПК ('127.0.0.1', 48014)
2022-02-13 13:27:28,707 DEBUG    decorator.py Была вызвана функция get_message(), вызов произошёл из функции run()
2022-02-13 13:27:28,708 DEBUG    server.py Разбор сообщения от клиента : {'action': 'presence', 'time': 1644748048.2046113, 'user': {'account_name': 'notoz'}}
2022-02-13 13:27:28,745 DEBUG    decorator.py Была вызвана функция send_message(), вызов произошёл из функции process_client_message()
2022-02-13 13:34:04,864 DEBUG    decorator.py Была вызвана функция arg_parser(), вызов произошёл из функции main()
2022-02-13 13:34:04,883 INFO     server.py Запущен сервер, порт для подключений: 7777, адрес с которого принимаются подключения: . Если адрес не указан, принимаются соединения с любых адресов.
2022-02-13 13:35:05,497 DEBUG    decorator.py Была вызвана функция arg_parser(), вызов произошёл из функции main()
2022-02-13 13:35:05,545 INFO     server.py Запущен сервер, порт для подключений: 7777, адрес с которого принимаются подключения: . Если адрес не указан, принимаются соединения с любых адресов.
2022-02-13 13:35:05,609 INFO     server.py Установлено соедение с ПК ('127.0.0.1', 48016)
2022-02-13 13:35:05,888 INFO     server.py Установлено соедение с ПК ('127.0.0.1', 48018)
2022-02-13 13:35:05,889 DEBUG    decorator.py Была вызвана функция get_message(), вызов произошёл из функции run()
2022-02-13 13:35:05,889 DEBUG    server.py Разбор сообщения от клиента : {'action': 'presence', 'time': 1644748505.6092772, 'user': {'account_name': 'test1'}}
2022-02-13 13:35:05,920 DEBUG    decorator.py Была вызвана функция send_message(), вызов произошёл из функции process_client_message()
2022-02-13 13:35:06,011 INFO     server.py Установлено соедение с ПК ('127.0.0.1', 48020)
2022-02-13 13:35:06,012 DEBUG    decorator.py Была вызвана функция get_message(), вызов произошёл из функции run()
2022-02-13 13:35:06,012 DEBUG    server.py Разбор сообщения от клиента : {'action': 'presence', 'time': 1644748505.8881829, 'user': {'account_name': 'test2'}}
2022-02-13 13:35:06,028 DEBUG    decorator.py Была вызвана функция send_message(), вызов произошёл из функции process_client_message()
2022-02-13 13:35:06,532 DEBUG    decorator.py Была вызвана функция get_message(), вызов произошёл из функции run()
2022-02-13 13:35:06,532 DEBUG    server.py Разбор сообщения от клиента : {'action': 'presence', 'time': 1644748506.0117881, 'user': {'account_name': 'test3'}}
2022-02-13 13:35:06,570 DEBUG    decorator.py Была вызвана функция send_message(), вызов произошёл из функции process_client_message()
2022-02-13 13:40:11,624 DEBUG    decorator.py Была вызвана функция arg_parser(), вызов произошёл из функции main()
2022-02-13 13:40:11,654 INFO     server.py Запущен сервер, порт для подключений: 7777, адрес с которого принимаются подключения: . Если адрес не указан, принимаются соединения с любых адресов.
2022-02-13 13:40:11,733 INFO     server.py Установлено соедение с ПК ('127.0.0.1', 48022)
2022-02-13 13:40:11,989 INFO     server.py Установлено соедение с ПК ('127.0.0.1', 48024)
2022-02-13 13:40:11,990 DEBUG    decorator.py Была вызвана функция get_message(), вызов произошёл из функции run()
2022-02-13 13:40:11,990 DEBUG    server.py Разбор сообщения от клиента : {'action': 'presence', 'time': 1644748811.7335384, 'user': {'account_name': 'test1'}}
2022-02-13 13:40:12,008 DEBUG    decorator.py Была вызвана функция send_message(), вызов произошёл из функции process_client_message()
2022-02-13 13:40:12,175 INFO     server.py Установлено соедение с ПК ('127.0.0.1', 48026)
2022-02-13 13:40:12,175 DEBUG    decorator.py Была вызвана функция get_message(), вызов произошёл из функции run()
2022-02-13 13:40:12,175 DEBUG    server.py Разбор сообщения от клиента : {'action': 'presence', 'time': 1644748811.9898422, 'user': {'account_name': 'test2'}}
2022-02-13 13:40:12,183 DEBUG    decorator.py Была вызвана функция send_message(), вызов произошёл из функции process_client_message()
2022-02-13 13:40:12,686 DEBUG    decorator.py Была вызвана функция get_message(), вызов произошёл из функции run()
2022-02-13 13:40:12,687 DEBUG    server.py Разбор сообщения от клиента : {'action': 'presence', 'time': 1644748812.1749616, 'user': {'account_name': 'test3'}}
2022-02-13 13:40:12,716 DEBUG    decorator.py Была вызвана функция send_message(), вызов произошёл из функции process_client_message()
2022-02-16 22:17:10,868 DEBUG    decorator.py Была вызвана функция arg_parser(), вызов произошёл из функции main()
2022-02-16 22:17:10,895 INFO     server.py Запущен сервер, порт для подключений: 7777, адрес с которого принимаются подключения: . Если адрес не указан, принимаются соединения с любых адресов.
2022-02-16 22:17:10,992 INFO     server.py Установлено соедение с ПК ('127.0.0.1', 47578)
2022-02-16 22:17:11,162 INFO     server.py Установлено соедение с ПК ('127.0.0.1', 47580)
2022-02-16 22:17:11,164 DEBUG    decorator.py Была вызвана функция get_message(), вызов произошёл из функции run()
2022-02-16 22:17:11,164 DEBUG    server.py Разбор сообщения от клиента : {'action': 'presence', 'time': 1645039030.9928033, 'user': {'account_name': 'test1'}}
2022-02-16 22:17:11,182 DEBUG    decorator.py Была вызвана функция send_message(), вызов произошёл из функции process_client_message()
2022-02-16 22:17:11,220 INFO     server.py Установлено соедение с ПК ('127.0.0.1', 47582)
2022-02-16 22:17:11,224 DEBUG    decorator.py Была вызвана функция get_message(), вызов произошёл из функции run()
2022-02-16 22:17:11,224 DEBUG    server.py Разбор сообщения от клиента : {'action': 'presence', 'time': 1645039031.1619365, 'user': {'account_name': 'test2'}}
2022-02-16 22:17:11,240 DEBUG    decorator.py Была вызвана функция send_message(), вызов произошёл из функции process_client_message()
2022-02-16 22:17:11,744 DEBUG    decorator.py Была вызвана функция get_message(), вызов произошёл из функции run()
2022-02-16 22:17:11,744 DEBUG    server.py Разбор сообщения от клиента : {'action': 'presence', 'time': 1645039031.2206779, 'user': {'account_name': 'test3'}}
2022-02-16 22:17:11,767 DEBUG    decorator.py Была вызвана функция send_message(), вызов произошёл из функции process_client_message()
2022-02-16 22:17:17,275 INFO     server.py Клиент ('127.0.0.1', 47578) отключился от сервера.
2022-02-16 22:17:18,776 INFO     server.py Клиент ('127.0.0.1', 47582) отключился от сервера.
2022-02-16 22:17:20,279 INFO     server.py Клиент ('127.0.0.1', 47580) отключился от сервера.
2022-02-16 22:26:15,798 DEBUG    decorator.py Была вызвана функция arg_parser(), вызов произошёл из функции main()
2022-02-16 22:26:21,168 DEBUG    decorator.py Была вызвана функция arg_parser(), вызов произошёл из функции main()
2022-02-16 22:26:33,032 DEBUG    decorator.py Была вызвана функция arg_parser(), вызов произошёл из функции main()
2022-02-16 22:28:10,804 DEBUG    decorator.py Была вызвана функция arg_parser(), вызов произошёл из функции main()
2022-02-16 22:28:18,269 DEBUG    decorator.py Была вызвана функция arg_parser(), вызов произошёл из функции main()
2022-02-16 22:28:18,860 DEBUG    decorator.py Была вызвана функция get_message(), вызов произошёл из функции run()
2022-02-16 22:28:18,880 DEBUG    decorator.py Была вызвана функция send_message(), вызов произошёл из функции process_client_message()
2022-02-16 22:28:19,383 DEBUG    decorator.py Была вызвана функция get_message(), вызов произошёл из функции run()
2022-02-16 22:28:19,391 DEBUG    decorator.py Была вызвана функция send_message(), вызов произошёл из функции process_client_message()
2022-02-16 22:28:19,393 DEBUG    decorator.py Была вызвана функция get_message(), вызов произошёл из функции run()
2022-02-16 22:28:19,433 DEBUG    decorator.py Была вызвана функция send_message(), вызов произошёл из функции process_client_message()
2022-02-16 22:28:19,937 DEBUG    decorator.py Была вызвана функция get_message(), вызов произошёл из функции run()
2022-02-16 22:28:19,952 DEBUG    decorator.py Была вызвана функция send_message(), вызов произошёл из функции process_client_message()
2022-02-16 22:28:19,954 DEBUG    decorator.py Была вызвана функция get_message(), вызов произошёл из функции run()
2022-02-16 22:28:19,960 DEBUG    decorator.py Была вызвана функция send_message(), вызов произошёл из функции process_client_message()
2022-02-16 22:28:20,463 DEBUG    decorator.py Была вызвана функция get_message(), вызов произошёл из функции run()
2022-02-16 22:28:20,472 DEBUG    decorator.py Была вызвана функция send_message(), вызов произошёл из функции process_client_message()
2022-02-16 22:37:46,727 DEBUG    decorator.py Была вызвана функция arg_parser(), вызов произошёл из функции main()
2022-02-16 22:37:47,026 DEBUG    decorator.py Была вызвана функция get_message(), вызов произошёл из функции run()
2022-02-16 22:38:05,010 DEBUG    decorator.py Была вызвана функция arg_parser(), вызов произошёл из функции main()
2022-02-16 22:38:05,315 DEBUG    decorator.py Была вызвана функция get_message(), вызов произошёл из функции run()
2022-02-16 22:38:05,339 DEBUG    decorator.py Была вызвана функция send_message(), вызов произошёл из функции process_client_message()
2022-02-16 22:38:05,574 DEBUG    decorator.py Была вызвана функция get_message(), вызов произошёл из функции run()
2022-02-16 22:38:05,576 DEBUG    decorator.py Была вызвана функция send_message(), вызов произошёл из функции process_client_message()
2022-02-16 22:38:06,080 DEBUG    decorator.py Была вызвана функция get_message(), вызов произошёл из функции run()
2022-02-16 22:38:06,097 DEBUG    decorator.py Была вызвана функция send_message(), вызов произошёл из функции process_client_message()
2022-02-16 22:38:06,099 DEBUG    decorator.py Была вызвана функция get_message(), вызов произошёл из функции run()
2022-02-16 22:38:06,136 DEBUG    decorator.py Была вызвана функция send_message(), вызов произошёл из функции process_client_message()
2022-02-16 22:38:06,639 DEBUG    decorator.py Была вызвана функция get_message(), вызов произошёл из функции run()
2022-02-16 22:38:06,644 DEBUG    decorator.py Была вызвана функция send_message(), вызов произошёл из функции process_client_message()
2022-02-16 22:38:07,148 DEBUG    decorator.py Была вызвана функция get_message(), вызов произошёл из функции run()
2022-02-16 22:38:07,157 DEBUG    decorator.py Была вызвана функция send_message(), вызов произошёл из функции process_client_message()
2022-02-16 22:38:22,941 DEBUG    decorator.py Была вызвана функция arg_parser(), вызов произошёл из функции main()
2022-02-16 22:38:23,481 DEBUG    decorator.py Была вызвана функция get_message(), вызов произошёл из функции run()
2022-02-16 22:38:23,497 DEBUG    decorator.py Была вызвана функция send_message(), вызов произошёл из функции process_client_message()
2022-02-16 22:38:24,000 DEBUG    decorator.py Была вызвана функция get_message(), вызов произошёл из функции run()
2022-02-16 22:38:24,011 DEBUG    decorator.py Была вызвана функция send_message(), вызов произошёл из функции process_client_message()
2022-02-16 22:38:24,013 DEBUG    decorator.py Была вызвана функция get_message(), вызов произошёл из функции run()
2022-02-16 22:38:24,051 DEBUG    decorator.py Была вызвана функция send_message(), вызов произошёл из функции process_client_message()
2022-02-16 22:38:24,555 DEBUG    decorator.py Была вызвана функция get_message(), вызов произошёл из функции run()
2022-02-16 22:38:24,569 DEBUG    decorator.py Была вызвана функция send_message(), вызов произошёл из функции process_client_message()
2022-02-16 22:38:24,571 DEBUG    decorator.py Была вызвана функция get_message(), вызов произошёл из функции run()
2022-02-16 22:38:24,576 DEBUG    decorator.py Была вызвана функция send_message(), вызов произошёл из функции process_client_message()
2022-02-16 22:38:25,079 DEBUG    decorator.py Была вызвана функция get_message(), вызов произошёл из функции run()
2022-02-16 22:38:25,085 DEBUG    decorator.py Была вызвана функция send_message(), вызов произошёл из функции process_client_message()
2022-02-16 22:42:19,049 DEBUG    decorator.py Была вызвана функция arg_parser(), вызов произошёл из функции main()
2022-02-16 22:42:19,441 DEBUG    decorator.py Была вызвана функция get_message(), вызов произошёл из функции run()
2022-02-16 22:42:19,482 DEBUG    decorator.py Была вызвана функция send_message(), вызов произошёл из функции process_client_message()
2022-02-16 22:42:19,754 DEBUG    decorator.py Была вызвана функция get_message(), вызов произошёл из функции run()
2022-02-16 22:42:19,757 DEBUG    decorator.py Была вызвана функция send_message(), вызов произошёл из функции process_client_message()
2022-02-16 22:42:19,966 DEBUG    decorator.py Была вызвана функция get_message(), вызов произошёл из функции run()
2022-02-16 22:42:19,969 DEBUG    decorator.py Была вызвана функция send_message(), вызов произошёл из функции process_client_message()
2022-02-16 22:42:19,970 DEBUG    decorator.py Была вызвана функция get_message(), вызов произошёл из функции run()
2022-02-16 22:42:19,978 DEBUG    decorator.py Была вызвана функция send_message(), вызов произошёл из функции process_client_message()
2022-02-16 22:42:20,168 DEBUG    decorator.py Была вызвана функция get_message(), вызов произошёл из функции run()
2022-02-16 22:42:20,170 DEBUG    decorator.py Была вызвана функция send_message(), вызов произошёл из функции process_client_message()
2022-02-16 22:42:20,171 DEBUG    decorator.py Была вызвана функция get_message(), вызов произошёл из функции run()
2022-02-16 22:42:20,186 DEBUG    decorator.py Была вызвана функция send_message(), вызов произошёл из функции process_client_message()
2022-02-16 22:42:20,690 DEBUG    decorator.py Была вызвана функция get_message(), вызов произошёл из функции run()
2022-02-16 22:42:20,698 DEBUG    decorator.py Была вызвана функция send_message(), вызов произошёл из функции process_client_message()
2022-02-16 22:42:20,700 DEBUG    decorator.py Была вызвана функция get_message(), вызов произошёл из функции run()
2022-02-16 22:42:20,705 DEBUG    decorator.py Была вызвана функция send_message(), вызов произошёл из функции process_client_message()
2022-02-16 22:42:20,707 DEBUG    decorator.py Была вызвана функция get_message(), вызов произошёл из функции run()
2022-02-16 22:42:20,752 DEBUG    decorator.py Была вызвана функция send_message(), вызов произошёл из функции process_client_message()
2022-02-16 22:42:21,255 DEBUG    decorator.py Была вызвана функция get_message(), вызов произошёл из функции run()
2022-02-16 22:42:21,268 DEBUG    decorator.py Была вызвана функция send_message(), вызов произошёл из функции process_client_message()
2022-02-16 22:42:21,271 DEBUG    decorator.py Была вызвана функция get_message(), вызов произошёл из функции run()
2022-02-16 22:42:21,276 DEBUG    decorator.py Была вызвана функция send_message(), вызов произошёл из функции process_client_message()
2022-02-16 22:42:21,780 DEBUG    decorator.py Была вызвана функция get_message(), вызов произошёл из функции run()
2022-02-16 22:42:21,788 DEBUG    decorator.py Была вызвана функция send_message(), вызов произошёл из функции process_client_message()
2022-02-16 22:46:32,691 DEBUG    decorator.py Была вызвана функция arg_parser(), вызов произошёл из функции main()
2022-02-16 22:46:33,011 DEBUG    decorator.py Была вызвана функция get_message(), вызов произошёл из функции run()
2022-02-16 22:46:43,670 DEBUG    decorator.py Была вызвана функция arg_parser(), вызов произошёл из функции main()
2022-02-16 22:46:44,335 DEBUG    decorator.py Была вызвана функция get_message(), вызов произошёл из функции run()
2022-02-16 22:46:44,359 DEBUG    decorator.py Была вызвана функция send_message(), вызов произошёл из функции process_client_message()
2022-02-16 22:46:44,661 DEBUG    decorator.py Была вызвана функция get_message(), вызов произошёл из функции run()
2022-02-16 22:46:44,663 DEBUG    decorator.py Была вызвана функция send_message(), вызов произошёл из функции process_client_message()
2022-02-16 22:46:44,664 DEBUG    decorator.py Была вызвана функция get_message(), вызов произошёл из функции run()
2022-02-16 22:46:44,683 DEBUG    decorator.py Была вызвана функция send_message(), вызов произошёл из функции process_client_message()
2022-02-16 22:46:44,701 DEBUG    decorator.py Была вызвана функция get_message(), вызов произошёл из функции run()
2022-02-16 22:46:44,712 DEBUG    decorator.py Была вызвана функция send_message(), вызов произошёл из функции process_client_message()
2022-02-16 22:46:44,715 DEBUG    decorator.py Была вызвана функция get_message(), вызов произошёл из функции run()
2022-02-16 22:46:44,727 DEBUG    decorator.py Была вызвана функция send_message(), вызов произошёл из функции process_client_message()
2022-02-16 22:46:45,230 DEBUG    decorator.py Была вызвана функция get_message(), вызов произошёл из функции run()
2022-02-16 22:46:45,237 DEBUG    decorator.py Была вызвана функция send_message(), вызов произошёл из функции process_client_message()
2022-02-16 22:46:45,241 DEBUG    decorator.py Была вызвана функция get_message(), вызов произошёл из функции run()
2022-02-16 22:46:45,265 DEBUG    decorator.py Была вызвана функция send_message(), вызов произошёл из функции process_client_message()
2022-02-16 22:46:45,274 DEBUG    decorator.py Была вызвана функция get_message(), вызов произошёл из функции run()
2022-02-16 22:46:45,327 DEBUG    decorator.py Была вызвана функция send_message(), вызов произошёл из функции process_client_message()
2022-02-16 22:46:45,831 DEBUG    decorator.py Была вызвана функция get_message(), вызов произошёл из функции run()
2022-02-16 22:46:45,841 DEBUG    decorator.py Была вызвана функция send_message(), вызов произошёл из функции process_client_message()
2022-02-16 22:46:45,842 DEBUG    decorator.py Была вызвана функция get_message(), вызов произошёл из функции run()
2022-02-16 22:46:45,850 DEBUG    decorator.py Была вызвана функция send_message(), вызов произошёл из функции process_client_message()
2022-02-16 22:46:45,853 DEBUG    decorator.py Была вызвана функция get_message(), вызов произошёл из функции run()
2022-02-16 22:46:45,858 DEBUG    decorator.py Была вызвана функция send_message(), вызов произошёл из функции process_client_message()
2022-02-16 22:46:46,361 DEBUG    decorator.py Была вызвана функция get_message(), вызов произошёл из функции run()
2022-02-16 22:46:46,370 DEBUG    decorator.py Была вызвана функция send_message(), вызов произошёл из функции process_client_message()
2022-02-16 22:53:20,120 DEBUG    decorator.py Была вызвана функция arg_parser(), вызов произошёл из функции main()
2022-02-16 22:53:20,865 DEBUG    decorator.py Была вызвана функция get_message(), вызов произошёл из функции run()
2022-02-16 22:53:20,895 DEBUG    decorator.py Была вызвана функция send_message(), вызов произошёл из функции process_client_message()
2022-02-16 22:53:21,073 DEBUG    decorator.py Была вызвана функция get_message(), вызов произошёл из функции run()
2022-02-16 22:53:21,076 DEBUG    decorator.py Была вызвана функция send_message(), вызов произошёл из функции process_client_message()
2022-02-16 22:53:21,076 DEBUG    decorator.py Была вызвана функция get_message(), вызов произошёл из функции run()
2022-02-16 22:53:21,093 DEBUG    decorator.py Была вызвана функция send_message(), вызов произошёл из функции process_client_message()
2022-02-16 22:53:21,206 DEBUG    decorator.py Была вызвана функция get_message(), вызов произошёл из функции run()
2022-02-16 22:53:21,209 DEBUG    decorator.py Была вызвана функция send_message(), вызов произошёл из функции process_client_message()
2022-02-16 22:53:21,210 DEBUG    decorator.py Была вызвана функция get_message(), вызов произошёл из функции run()
2022-02-16 22:53:21,211 DEBUG    decorator.py Была вызвана функция send_message(), вызов произошёл из функции process_client_message()
2022-02-16 22:53:21,211 DEBUG    decorator.py Была вызвана функция get_message(), вызов произошёл из функции run()
2022-02-16 22:53:21,231 DEBUG    decorator.py Была вызвана функция send_message(), вызов произошёл из функции process_client_message()
2022-02-16 22:53:21,734 DEBUG    decorator.py Была вызвана функция get_message(), вызов произошёл из функции run()
2022-02-16 22:53:21,742 DEBUG    decorator.py Была вызвана функция send_message(), вызов произошёл из функции process_client_message()
2022-02-16 22:53:21,745 DEBUG    decorator.py Была вызвана функция get_message(), вызов произошёл из функции run()
2022-02-16 22:53:21,749 DEBUG    decorator.py Была вызвана функция send_message(), вызов произошёл из функции process_client_message()
2022-02-16 22:53:21,751 DEBUG    decorator.py Была вызвана функция get_message(), вызов произошёл из функции run()
2022-02-16 22:53:21,788 DEBUG    decorator.py Была вызвана функция send_message(), вызов произошёл из функции process_client_message()
2022-02-16 22:53:22,292 DEBUG    decorator.py Была вызвана функция get_message(), вызов произошёл из функции run()
2022-02-16 22:53:22,303 DEBUG    decorator.py Была вызвана функция send_message(), вызов произошёл из функции process_client_message()
2022-02-16 22:53:22,305 DEBUG    decorator.py Была вызвана функция get_message(), вызов произошёл из функции run()
2022-02-16 22:53:22,310 DEBUG    decorator.py Была вызвана функция send_message(), вызов произошёл из функции process_client_message()
2022-02-16 22:53:22,814 DEBUG    decorator.py Была вызвана функция get_message(), вызов произошёл из функции run()
2022-02-16 22:53:22,823 DEBUG    decorator.py Была вызвана функция send_message(), вызов произошёл из функции process_client_message()
2022-02-16 22:53:42,850 DEBUG    decorator.py Была вызвана функция get_message(), вызов произошёл из функции run()
2022-02-16 22:53:42,889 DEBUG    decorator.py Была вызвана функция send_message(), вызов произошёл из функции process_message()
2022-02-16 22:54:17,209 DEBUG    decorator.py Была вызвана функция get_message(), вызов произошёл из функции run()
2022-02-16 22:54:17,223 DEBUG    decorator.py Была вызвана функция send_message(), вызов произошёл из функции process_client_message()
2022-02-16 22:54:17,727 DEBUG    decorator.py Была вызвана функция get_message(), вызов произошёл из функции run()
2022-02-16 22:54:17,732 DEBUG    decorator.py Была вызвана функция send_message(), вызов произошёл из функции process_client_message()
2022-02-16 22:54:17,734 DEBUG    decorator.py Была вызвана функция get_message(), вызов произошёл из функции run()
2022-02-16 22:54:17,757 DEBUG    decorator.py Была вызвана функция send_message(), вызов произошёл из функции process_client_message()
2022-02-16 22:54:18,261 DEBUG    decorator.py Была вызвана функция get_message(), вызов произошёл из функции run()
2022-02-16 22:54:18,274 DEBUG    decorator.py Была вызвана функция send_message(), вызов произошёл из функции process_client_message()
2022-02-16 22:54:18,276 DEBUG    decorator.py Была вызвана функция get_message(), вызов произошёл из функции run()
2022-02-16 22:54:18,280 DEBUG    decorator.py Была вызвана функция send_message(), вызов произошёл из функции process_client_message()
2022-02-16 22:54:18,783 DEBUG    decorator.py Была вызвана функция get_message(), вызов произошёл из функции run()
2022-02-16 22:54:18,791 DEBUG    decorator.py Была вызвана функция send_message(), вызов произошёл из функции process_client_message()
2022-02-16 22:57:07,864 DEBUG    decorator.py Была вызвана функция arg_parser(), вызов произошёл из функции main()
2022-02-16 22:57:08,581 DEBUG    decorator.py Была вызвана функция get_message(), вызов произошёл из функции run()
2022-02-16 22:57:08,607 DEBUG    decorator.py Была вызвана функция send_message(), вызов произошёл из функции process_client_message()
2022-02-16 22:57:08,640 DEBUG    decorator.py Была вызвана функция get_message(), вызов произошёл из функции run()
2022-02-16 22:57:08,644 DEBUG    decorator.py Была вызвана функция send_message(), вызов произошёл из функции process_client_message()
2022-02-16 22:57:08,808 DEBUG    decorator.py Была вызвана функция get_message(), вызов произошёл из функции run()
2022-02-16 22:57:08,815 DEBUG    decorator.py Была вызвана функция send_message(), вызов произошёл из функции process_client_message()
2022-02-16 22:57:08,817 DEBUG    decorator.py Была вызвана функция get_message(), вызов произошёл из функции run()
2022-02-16 22:57:08,831 DEBUG    decorator.py Была вызвана функция send_message(), вызов произошёл из функции process_client_message()
2022-02-16 22:57:08,978 DEBUG    decorator.py Была вызвана функция get_message(), вызов произошёл из функции run()
2022-02-16 22:57:08,980 DEBUG    decorator.py Была вызвана функция send_message(), вызов произошёл из функции process_client_message()
2022-02-16 22:57:08,981 DEBUG    decorator.py Была вызвана функция get_message(), вызов произошёл из функции run()
2022-02-16 22:57:08,993 DEBUG    decorator.py Была вызвана функция send_message(), вызов произошёл из функции process_client_message()
2022-02-16 22:57:09,496 DEBUG    decorator.py Была вызвана функция get_message(), вызов произошёл из функции run()
2022-02-16 22:57:09,504 DEBUG    decorator.py Была вызвана функция send_message(), вызов произошёл из функции process_client_message()
2022-02-16 22:57:09,506 DEBUG    decorator.py Была вызвана функция get_message(), вызов произошёл из функции run()
2022-02-16 22:57:09,510 DEBUG    decorator.py Была вызвана функция send_message(), вызов произошёл из функции process_client_message()
2022-02-16 22:57:09,512 DEBUG    decorator.py Была вызвана функция get_message(), вызов произошёл из функции run()
2022-02-16 22:57:09,539 DEBUG    decorator.py Была вызвана функция send_message(), вызов произошёл из функции process_client_message()
2022-02-16 22:57:10,043 DEBUG    decorator.py Была вызвана функция get_message(), вызов произошёл из функции run()
2022-02-16 22:57:10,053 DEBUG    decorator.py Была вызвана функция send_message(), вызов произошёл из функции process_client_message()
2022-02-16 22:57:10,056 DEBUG    decorator.py Была вызвана функция get_message(), вызов произошёл из функции run()
2022-02-16 22:57:10,061 DEBUG    decorator.py Была вызвана функция send_message(), вызов произошёл из функции process_client_message()
2022-02-16 22:57:10,565 DEBUG    decorator.py Была вызвана функция get_message(), вызов произошёл из функции run()
2022-02-16 22:57:10,576 DEBUG    decorator.py Была вызвана функция send_message(), вызов произошёл из функции process_client_message()
2022-02-16 22:57:53,290 DEBUG    decorator.py Была вызвана функция arg_parser(), вызов произошёл из функции main()
2022-02-16 22:57:53,694 DEBUG    decorator.py Была вызвана функция get_message(), вызов произошёл из функции run()
2022-02-16 22:57:53,731 DEBUG    decorator.py Была вызвана функция send_message(), вызов произошёл из функции process_client_message()
2022-02-16 22:57:53,983 DEBUG    decorator.py Была вызвана функция get_message(), вызов произошёл из функции run()
2022-02-16 22:57:53,986 DEBUG    decorator.py Была вызвана функция send_message(), вызов произошёл из функции process_client_message()
2022-02-16 22:57:54,360 DEBUG    decorator.py Была вызвана функция get_message(), вызов произошёл из функции run()
2022-02-16 22:57:54,366 DEBUG    decorator.py Была вызвана функция send_message(), вызов произошёл из функции process_client_message()
2022-02-16 22:57:54,368 DEBUG    decorator.py Была вызвана функция get_message(), вызов произошёл из функции run()
2022-02-16 22:57:54,387 DEBUG    decorator.py Была вызвана функция send_message(), вызов произошёл из функции process_client_message()
2022-02-16 22:57:54,454 DEBUG    decorator.py Была вызвана функция get_message(), вызов произошёл из функции run()
2022-02-16 22:57:54,456 DEBUG    decorator.py Была вызвана функция send_message(), вызов произошёл из функции process_client_message()
2022-02-16 22:57:54,457 DEBUG    decorator.py Была вызвана функция get_message(), вызов произошёл из функции run()
2022-02-16 22:57:54,468 DEBUG    decorator.py Была вызвана функция send_message(), вызов произошёл из функции process_client_message()
2022-02-16 22:57:54,971 DEBUG    decorator.py Была вызвана функция get_message(), вызов произошёл из функции run()
2022-02-16 22:57:54,980 DEBUG    decorator.py Была вызвана функция send_message(), вызов произошёл из функции process_client_message()
2022-02-16 22:57:54,982 DEBUG    decorator.py Была вызвана функция get_message(), вызов произошёл из функции run()
2022-02-16 22:57:54,986 DEBUG    decorator.py Была вызвана функция send_message(), вызов произошёл из функции process_client_message()
2022-02-16 22:57:54,988 DEBUG    decorator.py Была вызвана функция get_message(), вызов произошёл из функции run()
2022-02-16 22:57:55,024 DEBUG    decorator.py Была вызвана функция send_message(), вызов произошёл из функции process_client_message()
2022-02-16 22:57:55,527 DEBUG    decorator.py Была вызвана функция get_message(), вызов произошёл из функции run()
2022-02-16 22:57:55,537 DEBUG    decorator.py Была вызвана функция send_message(), вызов произошёл из функции process_client_message()
2022-02-16 22:57:55,539 DEBUG    decorator.py Была вызвана функция get_message(), вызов произошёл из функции run()
2022-02-16 22:57:55,544 DEBUG    decorator.py Была вызвана функция send_message(), вызов произошёл из функции process_client_message()
2022-02-16 22:57:56,048 DEBUG    decorator.py Была вызвана функция get_message(), вызов произошёл из функции run()
2022-02-16 22:57:56,056 DEBUG    decorator.py Была вызвана функция send_message(), вызов произошёл из функции process_client_message()
2022-02-16 22:58:27,601 DEBUG    decorator.py Была вызвана функция get_message(), вызов произошёл из функции run()
2022-02-16 22:58:27,631 DEBUG    decorator.py Была вызвана функция send_message(), вызов произошёл из функции process_message()
2022-02-16 22:58:55,171 DEBUG    decorator.py Была вызвана функция get_message(), вызов произошёл из функции run()
2022-02-16 22:58:55,200 DEBUG    decorator.py Была вызвана функция send_message(), вызов произошёл из функции process_message()
2022-02-16 23:00:40,074 DEBUG    decorator.py Была вызвана функция arg_parser(), вызов произошёл из функции main()
2022-02-16 23:00:40,421 DEBUG    decorator.py Была вызвана функция get_message(), вызов произошёл из функции run()
2022-02-16 23:00:40,452 DEBUG    decorator.py Была вызвана функция send_message(), вызов произошёл из функции process_client_message()
2022-02-16 23:00:40,892 DEBUG    decorator.py Была вызвана функция get_message(), вызов произошёл из функции run()
2022-02-16 23:00:40,897 DEBUG    decorator.py Была вызвана функция send_message(), вызов произошёл из функции process_client_message()
2022-02-16 23:00:41,087 DEBUG    decorator.py Была вызвана функция get_message(), вызов произошёл из функции run()
2022-02-16 23:00:41,093 DEBUG    decorator.py Была вызвана функция send_message(), вызов произошёл из функции process_client_message()
2022-02-16 23:00:41,093 DEBUG    decorator.py Была вызвана функция get_message(), вызов произошёл из функции run()
2022-02-16 23:00:41,106 DEBUG    decorator.py Была вызвана функция send_message(), вызов произошёл из функции process_client_message()
2022-02-16 23:00:41,119 DEBUG    decorator.py Была вызвана функция get_message(), вызов произошёл из функции run()
2022-02-16 23:00:41,128 DEBUG    decorator.py Была вызвана функция send_message(), вызов произошёл из функции process_client_message()
2022-02-16 23:00:41,632 DEBUG    decorator.py Была вызвана функция get_message(), вызов произошёл из функции run()
2022-02-16 23:00:41,638 DEBUG    decorator.py Была вызвана функция send_message(), вызов произошёл из функции process_client_message()
2022-02-16 23:00:41,640 DEBUG    decorator.py Была вызвана функция get_message(), вызов произошёл из функции run()
2022-02-16 23:00:41,647 DEBUG    decorator.py Была вызвана функция send_message(), вызов произошёл из функции process_client_message()
2022-02-16 23:00:41,664 DEBUG    decorator.py Была вызвана функция get_message(), вызов произошёл из функции run()
2022-02-16 23:00:41,709 DEBUG    decorator.py Была вызвана функция send_message(), вызов произошёл из функции process_client_message()
2022-02-16 23:00:42,212 DEBUG    decorator.py Была вызвана функция get_message(), вызов произошёл из функции run()
2022-02-16 23:00:42,223 DEBUG    decorator.py Была вызвана функция send_message(), вызов произошёл из функции process_client_message()
2022-02-16 23:00:42,226 DEBUG    decorator.py Была вызвана функция get_message(), вызов произошёл из функции run()
2022-02-16 23:00:42,241 DEBUG    decorator.py Была вызвана функция send_message(), вызов произошёл из функции process_client_message()
2022-02-16 23:00:42,244 DEBUG    decorator.py Была вызвана функция get_message(), вызов произошёл из функции run()
2022-02-16 23:00:42,247 DEBUG    decorator.py Была вызвана функция send_message(), вызов произошёл из функции process_client_message()
2022-02-16 23:00:42,750 DEBUG    decorator.py Была вызвана функция get_message(), вызов произошёл из функции run()
2022-02-16 23:00:42,752 DEBUG    decorator.py Была вызвана функция send_message(), вызов произошёл из функции process_client_message()
2022-02-16 23:01:11,295 DEBUG    decorator.py Была вызвана функция get_message(), вызов произошёл из функции run()
2022-02-16 23:01:11,315 DEBUG    decorator.py Была вызвана функция send_message(), вызов произошёл из функции process_message()
2022-02-16 23:01:33,346 DEBUG    decorator.py Была вызвана функция get_message(), вызов произошёл из функции run()
2022-02-16 23:01:33,377 DEBUG    decorator.py Была вызвана функция send_message(), вызов произошёл из функции process_message()
2022-02-16 23:02:44,209 DEBUG    decorator.py Была вызвана функция arg_parser(), вызов произошёл из функции main()
2022-02-16 23:02:44,550 DEBUG    decorator.py Была вызвана функция get_message(), вызов произошёл из функции run()
2022-02-16 23:02:44,596 DEBUG    decorator.py Была вызвана функция send_message(), вызов произошёл из функции process_client_message()
2022-02-16 23:02:44,927 DEBUG    decorator.py Была вызвана функция get_message(), вызов произошёл из функции run()
2022-02-16 23:02:44,930 DEBUG    decorator.py Была вызвана функция send_message(), вызов произошёл из функции process_client_message()
2022-02-16 23:02:45,117 DEBUG    decorator.py Была вызвана функция get_message(), вызов произошёл из функции run()
2022-02-16 23:02:45,122 DEBUG    decorator.py Была вызвана функция send_message(), вызов произошёл из функции process_client_message()
2022-02-16 23:02:45,122 DEBUG    decorator.py Была вызвана функция get_message(), вызов произошёл из функции run()
2022-02-16 23:02:45,139 DEBUG    decorator.py Была вызвана функция send_message(), вызов произошёл из функции process_client_message()
2022-02-16 23:02:45,289 DEBUG    decorator.py Была вызвана функция get_message(), вызов произошёл из функции run()
2022-02-16 23:02:45,291 DEBUG    decorator.py Была вызвана функция send_message(), вызов произошёл из функции process_client_message()
2022-02-16 23:02:45,291 DEBUG    decorator.py Была вызвана функция get_message(), вызов произошёл из функции run()
2022-02-16 23:02:45,302 DEBUG    decorator.py Была вызвана функция send_message(), вызов произошёл из функции process_client_message()
2022-02-16 23:02:45,806 DEBUG    decorator.py Была вызвана функция get_message(), вызов произошёл из функции run()
2022-02-16 23:02:45,815 DEBUG    decorator.py Была вызвана функция send_message(), вызов произошёл из функции process_client_message()
2022-02-16 23:02:45,817 DEBUG    decorator.py Была вызвана функция get_message(), вызов произошёл из функции run()
2022-02-16 23:02:45,823 DEBUG    decorator.py Была вызвана функция send_message(), вызов произошёл из функции process_client_message()
2022-02-16 23:02:45,827 DEBUG    decorator.py Была вызвана функция get_message(), вызов произошёл из функции run()
2022-02-16 23:02:45,860 DEBUG    decorator.py Была вызвана функция send_message(), вызов произошёл из функции process_client_message()
2022-02-16 23:02:46,364 DEBUG    decorator.py Была вызвана функция get_message(), вызов произошёл из функции run()
2022-02-16 23:02:46,373 DEBUG    decorator.py Была вызвана функция send_message(), вызов произошёл из функции process_client_message()
2022-02-16 23:02:46,375 DEBUG    decorator.py Была вызвана функция get_message(), вызов произошёл из функции run()
2022-02-16 23:02:46,379 DEBUG    decorator.py Была вызвана функция send_message(), вызов произошёл из функции process_client_message()
2022-02-16 23:02:46,883 DEBUG    decorator.py Была вызвана функция get_message(), вызов произошёл из функции run()
2022-02-16 23:02:46,892 DEBUG    decorator.py Была вызвана функция send_message(), вызов произошёл из функции process_client_message()
2022-02-16 23:03:12,572 DEBUG    decorator.py Была вызвана функция arg_parser(), вызов произошёл из функции main()
2022-02-16 23:03:13,234 DEBUG    decorator.py Была вызвана функция get_message(), вызов произошёл из функции run()
2022-02-16 23:03:13,265 DEBUG    decorator.py Была вызвана функция send_message(), вызов произошёл из функции process_client_message()
2022-02-16 23:03:13,584 DEBUG    decorator.py Была вызвана функция get_message(), вызов произошёл из функции run()
2022-02-16 23:03:13,586 DEBUG    decorator.py Была вызвана функция send_message(), вызов произошёл из функции process_client_message()
2022-02-16 23:03:13,587 DEBUG    decorator.py Была вызвана функция get_message(), вызов произошёл из функции run()
2022-02-16 23:03:13,608 DEBUG    decorator.py Была вызвана функция send_message(), вызов произошёл из функции process_client_message()
2022-02-16 23:03:13,665 DEBUG    decorator.py Была вызвана функция get_message(), вызов произошёл из функции run()
2022-02-16 23:03:13,669 DEBUG    decorator.py Была вызвана функция send_message(), вызов произошёл из функции process_client_message()
2022-02-16 23:03:13,669 DEBUG    decorator.py Была вызвана функция get_message(), вызов произошёл из функции run()
2022-02-16 23:03:13,670 DEBUG    decorator.py Была вызвана функция send_message(), вызов произошёл из функции process_client_message()
2022-02-16 23:03:13,671 DEBUG    decorator.py Была вызвана функция get_message(), вызов произошёл из функции run()
2022-02-16 23:03:13,678 DEBUG    decorator.py Была вызвана функция send_message(), вызов произошёл из функции process_client_message()
2022-02-16 23:03:14,181 DEBUG    decorator.py Была вызвана функция get_message(), вызов произошёл из функции run()
2022-02-16 23:03:14,190 DEBUG    decorator.py Была вызвана функция send_message(), вызов произошёл из функции process_client_message()
2022-02-16 23:03:14,192 DEBUG    decorator.py Была вызвана функция get_message(), вызов произошёл из функции run()
2022-02-16 23:03:14,197 DEBUG    decorator.py Была вызвана функция send_message(), вызов произошёл из функции process_client_message()
2022-02-16 23:03:14,199 DEBUG    decorator.py Была вызвана функция get_message(), вызов произошёл из функции run()
2022-02-16 23:03:14,228 DEBUG    decorator.py Была вызвана функция send_message(), вызов произошёл из функции process_client_message()
2022-02-16 23:03:14,731 DEBUG    decorator.py Была вызвана функция get_message(), вызов произошёл из функции run()
2022-02-16 23:03:14,742 DEBUG    decorator.py Была вызвана функция send_message(), вызов произошёл из функции process_client_message()
2022-02-16 23:03:14,744 DEBUG    decorator.py Была вызвана функция get_message(), вызов произошёл из функции run()
2022-02-16 23:03:14,749 DEBUG    decorator.py Была вызвана функция send_message(), вызов произошёл из функции process_client_message()
2022-02-16 23:03:15,253 DEBUG    decorator.py Была вызвана функция get_message(), вызов произошёл из функции run()
2022-02-16 23:03:15,261 DEBUG    decorator.py Была вызвана функция send_message(), вызов произошёл из функции process_client_message()
2022-02-16 23:03:40,559 DEBUG    decorator.py Была вызвана функция arg_parser(), вызов произошёл из функции main()
2022-02-16 23:03:40,895 DEBUG    decorator.py Была вызвана функция get_message(), вызов произошёл из функции run()
2022-02-16 23:03:40,951 DEBUG    decorator.py Была вызвана функция send_message(), вызов произошёл из функции process_client_message()
2022-02-16 23:03:41,231 DEBUG    decorator.py Была вызвана функция get_message(), вызов произошёл из функции run()
2022-02-16 23:03:41,239 DEBUG    decorator.py Была вызвана функция send_message(), вызов произошёл из функции process_client_message()
2022-02-16 23:03:41,616 DEBUG    decorator.py Была вызвана функция get_message(), вызов произошёл из функции run()
2022-02-16 23:03:41,626 DEBUG    decorator.py Была вызвана функция send_message(), вызов произошёл из функции process_client_message()
2022-02-16 23:03:41,628 DEBUG    decorator.py Была вызвана функция get_message(), вызов произошёл из функции run()
2022-02-16 23:03:41,640 DEBUG    decorator.py Была вызвана функция send_message(), вызов произошёл из функции process_client_message()
2022-02-16 23:03:41,641 DEBUG    decorator.py Была вызвана функция get_message(), вызов произошёл из функции run()
2022-02-16 23:03:41,655 DEBUG    decorator.py Была вызвана функция send_message(), вызов произошёл из функции process_client_message()
2022-02-16 23:03:41,656 DEBUG    decorator.py Была вызвана функция get_message(), вызов произошёл из функции run()
2022-02-16 23:03:41,666 DEBUG    decorator.py Была вызвана функция send_message(), вызов произошёл из функции process_client_message()
2022-02-16 23:03:42,170 DEBUG    decorator.py Была вызвана функция get_message(), вызов произошёл из функции run()
2022-02-16 23:03:42,174 DEBUG    decorator.py Была вызвана функция send_message(), вызов произошёл из функции process_client_message()
2022-02-16 23:03:42,177 DEBUG    decorator.py Была вызвана функция get_message(), вызов произошёл из функции run()
2022-02-16 23:03:42,184 DEBUG    decorator.py Была вызвана функция send_message(), вызов произошёл из функции process_client_message()
2022-02-16 23:03:42,192 DEBUG    decorator.py Была вызвана функция get_message(), вызов произошёл из функции run()
2022-02-16 23:03:42,202 DEBUG    decorator.py Была вызвана функция send_message(), вызов произошёл из функции process_client_message()
2022-02-16 23:03:42,704 DEBUG    decorator.py Была вызвана функция get_message(), вызов произошёл из функции run()
2022-02-16 23:03:42,709 DEBUG    decorator.py Была вызвана функция send_message(), вызов произошёл из функции process_client_message()
2022-02-16 23:03:42,710 DEBUG    decorator.py Была вызвана функция get_message(), вызов произошёл из функции run()
2022-02-16 23:03:42,713 DEBUG    decorator.py Была вызвана функция send_message(), вызов произошёл из функции process_client_message()
2022-02-16 23:03:42,715 DEBUG    decorator.py Была вызвана функция get_message(), вызов произошёл из функции run()
2022-02-16 23:03:42,718 DEBUG    decorator.py Была вызвана функция send_message(), вызов произошёл из функции process_client_message()
2022-02-16 23:04:53,526 DEBUG    decorator.py Была вызвана функция arg_parser(), вызов произошёл из функции main()
2022-02-16 23:04:53,923 DEBUG    decorator.py Была вызвана функция get_message(), вызов произошёл из функции run()
2022-02-16 23:04:53,951 DEBUG    decorator.py Была вызвана функция send_message(), вызов произошёл из функции process_client_message()
2022-02-16 23:04:54,295 DEBUG    decorator.py Была вызвана функция get_message(), вызов произошёл из функции run()
2022-02-16 23:04:54,299 DEBUG    decorator.py Была вызвана функция send_message(), вызов произошёл из функции process_client_message()
2022-02-16 23:04:54,538 DEBUG    decorator.py Была вызвана функция get_message(), вызов произошёл из функции run()
2022-02-16 23:04:54,544 DEBUG    decorator.py Была вызвана функция send_message(), вызов произошёл из функции process_client_message()
2022-02-16 23:04:54,545 DEBUG    decorator.py Была вызвана функция get_message(), вызов произошёл из функции run()
2022-02-16 23:04:54,556 DEBUG    decorator.py Была вызвана функция send_message(), вызов произошёл из функции process_client_message()
2022-02-16 23:04:54,684 DEBUG    decorator.py Была вызвана функция get_message(), вызов произошёл из функции run()
2022-02-16 23:04:54,686 DEBUG    decorator.py Была вызвана функция send_message(), вызов произошёл из функции process_client_message()
2022-02-16 23:04:54,687 DEBUG    decorator.py Была вызвана функция get_message(), вызов произошёл из функции run()
2022-02-16 23:04:54,698 DEBUG    decorator.py Была вызвана функция send_message(), вызов произошёл из функции process_client_message()
2022-02-16 23:04:55,201 DEBUG    decorator.py Была вызвана функция get_message(), вызов произошёл из функции run()
2022-02-16 23:04:55,210 DEBUG    decorator.py Была вызвана функция send_message(), вызов произошёл из функции process_client_message()
2022-02-16 23:04:55,212 DEBUG    decorator.py Была вызвана функция get_message(), вызов произошёл из функции run()
2022-02-16 23:04:55,217 DEBUG    decorator.py Была вызвана функция send_message(), вызов произошёл из функции process_client_message()
2022-02-16 23:04:55,219 DEBUG    decorator.py Была вызвана функция get_message(), вызов произошёл из функции run()
2022-02-16 23:04:55,242 DEBUG    decorator.py Была вызвана функция send_message(), вызов произошёл из функции process_client_message()
2022-02-16 23:04:55,746 DEBUG    decorator.py Была вызвана функция get_message(), вызов произошёл из функции run()
2022-02-16 23:04:55,755 DEBUG    decorator.py Была вызвана функция send_message(), вызов произошёл из функции process_client_message()
2022-02-16 23:04:55,757 DEBUG    decorator.py Была вызвана функция get_message(), вызов произошёл из функции run()
2022-02-16 23:04:55,762 DEBUG    decorator.py Была вызвана функция send_message(), вызов произошёл из функции process_client_message()
2022-02-16 23:04:56,265 DEBUG    decorator.py Была вызвана функция get_message(), вызов произошёл из функции run()
2022-02-16 23:04:56,273 DEBUG    decorator.py Была вызвана функция send_message(), вызов произошёл из функции process_client_message()
2022-02-16 23:07:30,427 DEBUG    decorator.py Была вызвана функция arg_parser(), вызов произошёл из функции main()
2022-02-16 23:07:30,788 DEBUG    decorator.py Была вызвана функция get_message(), вызов произошёл из функции run()
2022-02-16 23:07:30,822 DEBUG    decorator.py Была вызвана функция send_message(), вызов произошёл из функции process_client_message()
2022-02-16 23:07:31,195 DEBUG    decorator.py Была вызвана функция get_message(), вызов произошёл из функции run()
2022-02-16 23:07:31,198 DEBUG    decorator.py Была вызвана функция send_message(), вызов произошёл из функции process_client_message()
2022-02-16 23:07:31,398 DEBUG    decorator.py Была вызвана функция get_message(), вызов произошёл из функции run()
2022-02-16 23:07:31,407 DEBUG    decorator.py Была вызвана функция send_message(), вызов произошёл из функции process_client_message()
2022-02-16 23:07:31,407 DEBUG    decorator.py Была вызвана функция get_message(), вызов произошёл из функции run()
2022-02-16 23:07:31,424 DEBUG    decorator.py Была вызвана функция send_message(), вызов произошёл из функции process_client_message()
2022-02-16 23:07:31,566 DEBUG    decorator.py Была вызвана функция get_message(), вызов произошёл из функции run()
2022-02-16 23:07:31,567 DEBUG    decorator.py Была вызвана функция send_message(), вызов произошёл из функции process_client_message()
2022-02-16 23:07:31,568 DEBUG    decorator.py Была вызвана функция get_message(), вызов произошёл из функции run()
2022-02-16 23:07:31,578 DEBUG    decorator.py Была вызвана функция send_message(), вызов произошёл из функции process_client_message()
2022-02-16 23:07:32,080 DEBUG    decorator.py Была вызвана функция get_message(), вызов произошёл из функции run()
2022-02-16 23:07:32,082 DEBUG    decorator.py Была вызвана функция send_message(), вызов произошёл из функции process_client_message()
2022-02-16 23:07:32,083 DEBUG    decorator.py Была вызвана функция get_message(), вызов произошёл из функции run()
2022-02-16 23:07:32,085 DEBUG    decorator.py Была вызвана функция send_message(), вызов произошёл из функции process_client_message()
2022-02-16 23:07:32,085 DEBUG    decorator.py Была вызвана функция get_message(), вызов произошёл из функции run()
2022-02-16 23:07:32,094 DEBUG    decorator.py Была вызвана функция send_message(), вызов произошёл из функции process_client_message()
2022-02-16 23:07:32,597 DEBUG    decorator.py Была вызвана функция get_message(), вызов произошёл из функции run()
2022-02-16 23:07:32,608 DEBUG    decorator.py Была вызвана функция send_message(), вызов произошёл из функции process_client_message()
2022-02-16 23:07:32,610 DEBUG    decorator.py Была вызвана функция get_message(), вызов произошёл из функции run()
2022-02-16 23:07:32,617 DEBUG    decorator.py Была вызвана функция send_message(), вызов произошёл из функции process_client_message()
2022-02-16 23:07:33,120 DEBUG    decorator.py Была вызвана функция get_message(), вызов произошёл из функции run()
2022-02-16 23:07:33,128 DEBUG    decorator.py Была вызвана функция send_message(), вызов произошёл из функции process_client_message()
2022-02-16 23:09:20,386 DEBUG    decorator.py Была вызвана функция arg_parser(), вызов произошёл из функции main()
2022-02-16 23:09:20,735 DEBUG    decorator.py Была вызвана функция get_message(), вызов произошёл из функции run()
2022-02-16 23:09:20,795 DEBUG    decorator.py Была вызвана функция send_message(), вызов произошёл из функции process_client_message()
2022-02-16 23:09:21,133 DEBUG    decorator.py Была вызвана функция get_message(), вызов произошёл из функции run()
2022-02-16 23:09:21,144 DEBUG    decorator.py Была вызвана функция send_message(), вызов произошёл из функции process_client_message()
2022-02-16 23:09:21,237 DEBUG    decorator.py Была вызвана функция get_message(), вызов произошёл из функции run()
2022-02-16 23:09:21,241 DEBUG    decorator.py Была вызвана функция send_message(), вызов произошёл из функции process_client_message()
2022-02-16 23:09:21,241 DEBUG    decorator.py Была вызвана функция get_message(), вызов произошёл из функции run()
2022-02-16 23:09:21,259 DEBUG    decorator.py Была вызвана функция send_message(), вызов произошёл из функции process_client_message()
2022-02-16 23:09:21,418 DEBUG    decorator.py Была вызвана функция get_message(), вызов произошёл из функции run()
2022-02-16 23:09:21,420 DEBUG    decorator.py Была вызвана функция send_message(), вызов произошёл из функции process_client_message()
2022-02-16 23:09:21,420 DEBUG    decorator.py Была вызвана функция get_message(), вызов произошёл из функции run()
2022-02-16 23:09:21,430 DEBUG    decorator.py Была вызвана функция send_message(), вызов произошёл из функции process_client_message()
2022-02-16 23:09:21,933 DEBUG    decorator.py Была вызвана функция get_message(), вызов произошёл из функции run()
2022-02-16 23:09:21,939 DEBUG    decorator.py Была вызвана функция send_message(), вызов произошёл из функции process_client_message()
2022-02-16 23:09:21,940 DEBUG    decorator.py Была вызвана функция get_message(), вызов произошёл из функции run()
2022-02-16 23:09:21,943 DEBUG    decorator.py Была вызвана функция send_message(), вызов произошёл из функции process_client_message()
2022-02-16 23:09:21,944 DEBUG    decorator.py Была вызвана функция get_message(), вызов произошёл из функции run()
2022-02-16 23:09:21,953 DEBUG    decorator.py Была вызвана функция send_message(), вызов произошёл из функции process_client_message()
2022-02-16 23:09:22,456 DEBUG    decorator.py Была вызвана функция get_message(), вызов произошёл из функции run()
2022-02-16 23:09:22,467 DEBUG    decorator.py Была вызвана функция send_message(), вызов произошёл из функции process_client_message()
2022-02-16 23:09:22,470 DEBUG    decorator.py Была вызвана функция get_message(), вызов произошёл из функции run()
2022-02-16 23:09:22,476 DEBUG    decorator.py Была вызвана функция send_message(), вызов произошёл из функции process_client_message()
2022-02-16 23:09:22,980 DEBUG    decorator.py Была вызвана функция get_message(), вызов произошёл из функции run()
2022-02-16 23:09:22,987 DEBUG    decorator.py Была вызвана функция send_message(), вызов произошёл из функции process_client_message()
2022-02-16 23:10:28,708 DEBUG    decorator.py Была вызвана функция arg_parser(), вызов произошёл из функции main()
2022-02-16 23:10:29,022 DEBUG    decorator.py Была вызвана функция get_message(), вызов произошёл из функции run()
2022-02-16 23:10:29,060 DEBUG    decorator.py Была вызвана функция send_message(), вызов произошёл из функции process_client_message()
2022-02-16 23:10:29,390 DEBUG    decorator.py Была вызвана функция get_message(), вызов произошёл из функции run()
2022-02-16 23:10:29,394 DEBUG    decorator.py Была вызвана функция send_message(), вызов произошёл из функции process_client_message()
2022-02-16 23:10:29,647 DEBUG    decorator.py Была вызвана функция get_message(), вызов произошёл из функции run()
2022-02-16 23:10:29,652 DEBUG    decorator.py Была вызвана функция send_message(), вызов произошёл из функции process_client_message()
2022-02-16 23:10:29,652 DEBUG    decorator.py Была вызвана функция get_message(), вызов произошёл из функции run()
2022-02-16 23:10:29,661 DEBUG    decorator.py Была вызвана функция send_message(), вызов произошёл из функции process_client_message()
2022-02-16 23:10:29,723 DEBUG    decorator.py Была вызвана функция get_message(), вызов произошёл из функции run()
2022-02-16 23:10:29,725 DEBUG    decorator.py Была вызвана функция send_message(), вызов произошёл из функции process_client_message()
2022-02-16 23:10:29,725 DEBUG    decorator.py Была вызвана функция get_message(), вызов произошёл из функции run()
2022-02-16 23:10:29,734 DEBUG    decorator.py Была вызвана функция send_message(), вызов произошёл из функции process_client_message()
2022-02-16 23:10:30,237 DEBUG    decorator.py Была вызвана функция get_message(), вызов произошёл из функции run()
2022-02-16 23:10:30,246 DEBUG    decorator.py Была вызвана функция send_message(), вызов произошёл из функции process_client_message()
2022-02-16 23:10:30,248 DEBUG    decorator.py Была вызвана функция get_message(), вызов произошёл из функции run()
2022-02-16 23:10:30,253 DEBUG    decorator.py Была вызвана функция send_message(), вызов произошёл из функции process_client_message()
2022-02-16 23:10:30,257 DEBUG    decorator.py Была вызвана функция get_message(), вызов произошёл из функции run()
2022-02-16 23:10:30,289 DEBUG    decorator.py Была вызвана функция send_message(), вызов произошёл из функции process_client_message()
2022-02-16 23:10:30,792 DEBUG    decorator.py Была вызвана функция get_message(), вызов произошёл из функции run()
2022-02-16 23:10:30,802 DEBUG    decorator.py Была вызвана функция send_message(), вызов произошёл из функции process_client_message()
2022-02-16 23:10:30,806 DEBUG    decorator.py Была вызвана функция get_message(), вызов произошёл из функции run()
2022-02-16 23:10:30,811 DEBUG    decorator.py Была вызвана функция send_message(), вызов произошёл из функции process_client_message()
2022-02-16 23:10:31,314 DEBUG    decorator.py Была вызвана функция get_message(), вызов произошёл из функции run()
2022-02-16 23:10:31,319 DEBUG    decorator.py Была вызвана функция send_message(), вызов произошёл из функции process_client_message()
